Network node of IrrigationDistrict Egypt is a sink
Before start MPI
c_char_p(23455182404656)
After argv for loop
Network node of IrrigationDistrict Egypt is a sink
Before start MPI
c_char_p(23455182355504)
After argv for loop
Network node of IrrigationDistrict Egypt is a sink
Before start MPI
c_char_p(23455182400560)
After argv for loop
MPI startup(): Warning: I_MPI_PMI_LIBRARY will be ignored since the hydra process manager was found
MPI startup(): Warning: I_MPI_PMI_LIBRARY will be ignored since the hydra process manager was found
MPI startup(): Warning: I_MPI_PMI_LIBRARY will be ignored since the hydra process manager was found
Network node of IrrigationDistrict Egypt is a sink
Before start MPI
c_char_p(23455182404656)
After argv for loop
Network node of IrrigationDistrict Egypt is a sink
Before start MPI
c_char_p(23455182356176)
After argv for loop
MPI startup(): Warning: I_MPI_PMI_LIBRARY will be ignored since the hydra process manager was found
MPI startup(): Warning: I_MPI_PMI_LIBRARY will be ignored since the hydra process manager was found
Network node of IrrigationDistrict Egypt is a sink
Before start MPI
c_char_p(23455215906512)
After argv for loop
MPI startup(): Warning: I_MPI_PMI_LIBRARY will be ignored since the hydra process manager was found
Network node of IrrigationDistrict Egypt is a sink
Before start MPI
c_char_p(23455182405328)
After argv for loop
MPI startup(): Warning: I_MPI_PMI_LIBRARY will be ignored since the hydra process manager was found
Network node of IrrigationDistrict Egypt is a sink
Before start MPI
c_char_p(23455182356176)
After argv for loop
MPI startup(): Warning: I_MPI_PMI_LIBRARY will be ignored since the hydra process manager was found
Last check in startMPI
Last check in startMPI
Last check in startMPI
Last check in startMPI
Last check in startMPI
Last check in startMPI
Last check in startMPI
Last check in startMPI
After startMPI
Network node of IrrigationDistrict Egypt is a sink
Just before solveMPI
After startMPI
Network node of IrrigationDistrict Egypt is a sink
Just before solveMPI
After startMPI
Network node of IrrigationDistrict Egypt is a sink
Just before solveMPI
After startMPI
Network node of IrrigationDistrict Egypt is a sink
Just before solveMPI
After startMPI
Network node of IrrigationDistrict Egypt is a sink
Just before solveMPI
After startMPI
Network node of IrrigationDistrict Egypt is a sink
Just before solveMPI
After startMPI
Network node of IrrigationDistrict Egypt is a sink
Just before solveMPI
After startMPI
Network node of IrrigationDistrict Egypt is a sink
Just before solveMPI
(4.4950824, 153.5243, 0.097620636, 8.826503)
(1.2253582, 161.6652, 0.108795196, 8.893186)
(6.2119675, 152.54904, 0.017099826, 13.515513)
(3.7404838, 153.862, 0.15485722, 8.826514)
(3.7838366, 153.78986, 0.098642215, 8.826503)
(3.8301806, 175.2444, 0.1012207, 8.859395)
(3.984618, 153.65558, 0.08293185, 9.47842)
(2.0062299, 155.13815, 0.005804906, 10.591025)
(4.2258463, 154.04962, 0.046279456, 8.826523)
(4.9573574, 153.47578, 0.07099809, 9.521825)
(2.6259494, 155.63078, 2.7886754e-05, 13.40635)
(4.0958037, 153.72716, 0.16065927, 9.539881)
(4.211534, 153.56866, 0.2683506, 8.826505)
(3.578079, 153.94012, 0.124916725, 8.8316965)
(4.8115363, 153.46709, 0.26681215, 8.826503)
(5.359487, 153.38658, 0.16840893, 8.836084)
(5.1646175, 153.44131, 0.3134061, 8.826503)
(5.112272, 153.40869, 0.1784512, 8.826524)
(5.290065, 153.3828, 0.096220724, 9.09642)
(4.7452073, 153.58209, 0.17487234, 8.826503)
(5.187551, 153.45174, 0.25263125, 8.826503)
(3.0515656, 154.4474, 0.009108867, 8.826509)
(3.7154045, 153.85934, 0.33350053, 9.130664)
(4.7037997, 153.98099, 0.0, 14.104909)
(4.659593, 177.22203, 0.0059556616, 8.826503)
(3.4202085, 154.05484, 0.12151305, 8.826504)
(3.6081097, 153.93112, 0.2508264, 8.826526)
(3.2119188, 154.13602, 0.2085192, 8.826503)
(3.2786064, 154.04428, 0.09784501, 8.826755)
(5.348588, 153.37253, 0.10150642, 8.826507)
(5.3287454, 153.3814, 0.11419154, 8.826503)
(3.3125925, 154.14938, 0.3682062, 8.826516)
(4.9583483, 153.44301, 0.26857603, 8.826503)
(3.1393607, 154.08978, 0.11155388, 8.830881)
(2.7710268, 154.76413, 0.12128106, 8.826503)
(5.3190703, 153.37834, 0.032738347, 8.82669)
(3.1981523, 154.33212, 0.025191333, 9.341288)
(5.932857, 177.86124, 0.09495892, 9.051558)
(4.5092454, 153.16275, 1.4201282, 13.511619)
(5.9974747, 177.96684, 0.051598225, 8.826504)
(4.731733, 153.45297, 0.025175327, 9.204533)
(5.167772, 153.398, 0.15784717, 8.826925)
(2.7027977, 154.35127, 0.014300763, 9.947185)
(4.9457717, 153.4392, 0.2393288, 8.826503)
(3.713385, 153.88385, 0.13217719, 8.943602)
(3.7717998, 153.79514, 0.10885859, 8.826503)
(3.1189802, 154.78777, 0.18487869, 8.826519)
(2.6557477, 155.33817, 0.00011243573, 11.575606)
(4.245801, 153.49252, 0.14961216, 9.346996)
(4.7704673, 153.52885, 0.22078344, 8.826508)
(3.4898448, 154.01309, 0.2709377, 8.826543)
(2.8542683, 154.50923, 0.08206824, 9.836741)
(5.0301538, 153.43044, 0.17061557, 8.971211)
(5.323087, 153.38312, 0.13316229, 8.826503)
(4.189, 153.6332, 0.34377453, 9.423359)
(4.660849, 153.49171, 0.10011179, 9.424493)
(1.51451, 162.36342, 0.052652154, 9.696426)
(4.9092712, 153.55862, 0.14066096, 9.004215)
(2.1920636, 171.53047, 0.040867552, 9.772478)
(4.9718447, 177.21774, 0.10972942, 8.826503)
(4.4163504, 153.69862, 0.18595819, 8.826507)
(5.0549216, 153.4399, 0.2813579, 8.888906)
(3.5846612, 153.93457, 0.11630284, 8.826504)
(5.35394, 153.37367, 0.21081838, 8.826574)
(3.4160573, 154.92961, 0.0, 14.05935)
(1.5406677, 164.57982, 0.20166074, 9.032835)
(5.277252, 153.43222, 0.32591212, 8.936149)
(5.2620397, 153.43517, 0.32318065, 8.8566475)
(3.0763927, 154.42973, 0.17485897, 8.829404)
(4.472206, 152.76378, 2.3464386, 13.520773)
(5.19399, 153.41606, 0.21990678, 8.826509)
(3.938895, 153.67221, 0.22653042, 8.828837)
(3.7462237, 153.83813, 0.2257447, 8.82652)
(3.0744934, 155.2083, 0.00092136854, 13.872436)
(3.4771838, 153.9847, 0.10803406, 8.890057)
(3.6208918, 153.95271, 0.12122893, 8.826505)
(4.2285013, 153.55447, 0.25970203, 8.826503)
(5.261298, 153.42474, 0.26607814, 8.826505)
(5.405473, 153.36917, 0.113652945, 8.826503)
(2.1227365, 165.41245, 0.00010531163, 13.738328)
(3.840644, 153.73557, 0.08701648, 9.372683)
(4.9616184, 153.44293, 0.26993555, 8.837099)
(4.4935603, 153.50865, 0.0860814, 9.443579)
(2.7398899, 154.38332, 0.0073611937, 10.116395)
(3.752043, 153.81396, 0.18439355, 8.832218)
(5.39, 153.38434, 0.16445237, 8.8270445)
(4.132891, 176.29375, 0.017371576, 9.848755)
(5.408601, 153.36827, 0.11071299, 8.826513)
(1.2111547, 158.04427, 0.024942454, 9.761548)
(3.47788, 153.98784, 0.14359489, 8.844864)
(5.1156487, 153.38841, 0.09734971, 8.826519)
(4.033774, 153.5716, 0.36149842, 8.826548)
(4.916629, 153.42047, 0.11580431, 8.826503)
(4.852927, 153.43367, 0.109227724, 8.826649)
(5.101496, 153.42058, 0.11205215, 8.826503)
(3.8645608, 153.73167, 0.33249813, 8.826503)
(4.7998004, 153.42982, 0.022798132, 8.828928)
(2.7436748, 154.58775, 0.019572156, 13.886779)
(5.1682177, 153.42026, 0.16976294, 9.168624)
(2.3347106, 155.22754, 0.13522528, 8.826526)
(4.987923, 153.28363, 0.0, 8.826503)
(4.40683, 153.67096, 0.06477208, 9.702084)
(3.7814798, 153.78987, 0.10861206, 8.853029)
(4.7711134, 153.44078, 0.14560536, 8.834865)
(3.0883949, 154.26149, 0.011431839, 10.04209)
(4.943023, 176.2527, 0.09107831, 8.935998)
(4.679665, 153.48737, 0.16820052, 9.38014)
(3.1573384, 154.25586, 0.13488854, 8.834122)
(3.5320635, 153.91634, 0.14128773, 8.826503)
(5.750059, 177.08936, 0.054993212, 8.826529)
(2.9234326, 154.27487, 0.14546305, 9.700095)
(5.042685, 153.41539, 0.29040137, 8.900951)
(5.2947154, 153.38484, 0.1185287, 8.826503)
(4.4456906, 153.48264, 0.10591782, 8.826514)
(3.6483, 153.86813, 0.019007932, 9.787551)
(5.706831, 177.40042, 0.18256706, 8.826503)
(4.7804003, 153.47137, 0.24350412, 8.92023)
(4.7697177, 153.67293, 0.10310694, 8.826606)
(1.8351964, 156.54861, 0.0008081538, 9.494412)
(3.4756086, 154.05106, 0.16173206, 8.826558)
(5.4634447, 177.5205, 0.0036856565, 9.13598)
(2.9964247, 172.38306, 0.0026787177, 13.301351)
(2.8020167, 154.37065, 0.04462895, 9.627768)
(3.5787854, 154.6573, 1.8945026e-06, 14.02819)
(4.545042, 153.58504, 0.046063516, 9.648843)
(5.308144, 153.41005, 0.25171027, 8.826503)
(5.2853756, 153.39073, 0.108093254, 9.168349)
(3.7284644, 154.05807, 0.15109704, 8.826538)
(3.029014, 174.25896, 0.09344048, 8.826514)
(3.4931324, 153.90959, 0.33543292, 8.826521)
(3.2791188, 154.32593, 0.041551095, 9.320374)
(4.1476154, 153.66585, 0.06516339, 9.651835)
(4.542788, 175.96858, 0.115941696, 8.8691435)
(4.792462, 177.98424, 0.08215487, 9.375885)
(5.2910757, 153.42546, 0.31044716, 8.826504)
(4.419801, 153.61035, 0.21487346, 9.590281)
(3.4832568, 155.25931, 0.0, 13.600417)
(4.584855, 153.4668, 0.09680205, 8.826512)
(3.1917105, 154.0352, 0.0009411113, 8.826503)
(5.029268, 153.40018, 0.10842139, 8.826503)
(4.0066047, 154.01137, 0.0020844054, 8.826539)
(4.253233, 153.62932, 0.09798975, 9.646286)
(3.761021, 176.56975, 0.20883721, 8.8279)
(5.3614106, 153.38626, 0.16192988, 9.0029745)
(4.058637, 176.5318, 0.16168809, 8.851635)
(3.7953339, 153.83626, 0.0868199, 9.706624)
(2.2830446, 155.30756, 0.14440241, 8.826507)
(3.6144052, 153.92091, 0.16804482, 8.826503)
(5.8446894, 177.97232, 0.089831814, 9.413566)
(4.350527, 153.51083, 0.12432688, 8.826503)
(5.8617444, 177.92012, 0.00039629138, 8.833147)
(4.1799536, 153.63455, 0.051023033, 9.613456)
(4.7473545, 153.54039, 0.27083403, 9.427785)
(5.0435734, 153.49316, 0.28354317, 8.826589)
(2.9466999, 154.34825, 0.09730886, 8.942759)
(2.1148326, 156.4509, 0.09538817, 8.826503)
(4.456882, 153.50975, 0.22320148, 8.826536)
(5.2833757, 153.404, 0.18521933, 8.826506)
(2.750028, 154.74106, 0.36183557, 8.826503)
(3.9431303, 154.08902, 0.037715677, 8.826516)
(4.244591, 153.53873, 0.14821252, 8.826503)
(5.247735, 153.38583, 0.108365856, 8.826527)
(3.7414207, 153.92427, 0.044526815, 9.578618)
(5.300732, 153.43134, 0.33486173, 8.885611)
(5.1325827, 153.41057, 0.11679574, 9.326046)
(4.9085865, 153.4348, 0.17789477, 8.827451)
(2.8304267, 154.4477, 0.012004118, 10.206344)
(5.3432684, 153.39415, 0.19984217, 8.826503)
(4.031484, 153.90274, 0.030393397, 8.826503)
(4.6182904, 153.4669, 0.17041373, 8.883559)
(5.3458414, 153.3738, 0.0963119, 9.13964)
(7.0132427, 152.32755, 1.2037002, 13.50388)
(4.8682237, 153.45345, 0.095601276, 8.838683)
(4.3799496, 153.68852, 0.05472965, 9.687919)
(4.3102717, 153.49863, 0.096515864, 8.826503)
(2.4704297, 155.69968, 0.10359212, 9.053928)
(4.5608735, 175.66367, 0.2932602, 8.826503)
(2.7754872, 154.64584, 0.21198067, 9.488826)
(4.3966937, 153.87682, 0.00024968162, 8.828207)
(3.910609, 153.6758, 0.17412604, 8.826503)
(5.3682714, 153.37804, 0.1454803, 8.826503)
(3.7055573, 153.92851, 0.021695303, 9.845812)
(3.6266165, 153.91753, 0.21689087, 8.826512)
(2.8898497, 154.44743, 0.07025462, 8.826505)
(3.4055333, 154.0548, 0.094578736, 8.826524)
(3.0903265, 154.39508, 0.12212024, 8.826503)
(5.065519, 153.43224, 0.09564218, 9.423414)
(5.2859483, 153.39366, 0.095200814, 9.339087)
(4.875315, 153.42804, 0.10515433, 9.294275)
(3.0491445, 154.40439, 0.0155376075, 9.525401)
(5.316734, 153.39854, 0.18166381, 8.826527)
(2.3047092, 155.90439, 0.23756433, 8.836291)
(4.1520743, 154.03287, 0.068612896, 8.826503)
(5.0390234, 153.3954, 0.09644206, 8.826503)
(5.3691435, 153.36864, 0.09702358, 8.8327675)
(1.4383657, 168.32974, 0.1173402, 8.826503)
(3.871585, 153.7078, 0.18386355, 8.828329)
(3.808887, 153.7801, 0.3059128, 9.376722)
(3.281609, 174.4441, 0.28722382, 8.968063)
(6.2532954, 152.77003, 0.0, 13.615505)
(5.0462265, 153.34624, 0.17555997, 8.826507)
(4.9092317, 153.4313, 0.14255421, 9.37395)
(4.3131185, 154.00812, 0.0009866435, 8.88627)
(3.3594143, 154.03441, 0.07181551, 9.704894)
(1.839371, 155.37703, 0.0046217833, 10.801221)
(5.835268, 177.9734, 0.107836746, 9.413566)
(3.724396, 153.86588, 0.14342815, 8.846849)
(4.684483, 153.45412, 0.11249339, 9.043371)
(5.9445634, 177.93121, 0.10157512, 8.826651)
(5.8272986, 177.97354, 0.12187293, 9.413566)
(4.3131876, 154.00789, 0.00072465563, 8.88627)
(4.6827774, 176.86957, 0.0221664, 9.861331)
(4.794899, 153.4393, 0.11257208, 8.8339815)
(3.6623237, 153.8845, 0.0878825, 9.36186)
(6.281126, 152.32785, 2.419056, 13.52184)
(4.630278, 153.30136, 0.10988191, 8.827901)
(4.2558093, 152.887, 2.63582, 13.520002)
(3.8225174, 153.80318, 0.1251985, 8.889589)
(6.2133284, 177.98453, 0.37637106, 9.034421)
(5.263001, 177.32619, 0.027172802, 9.1355505)
(5.8635077, 177.99556, 0.19531508, 8.826503)
(4.0158834, 153.6962, 0.039341833, 9.67702)
(6.061445, 152.71361, 0.007927662, 13.575976)
(3.7416892, 153.76102, 0.0135078905, 9.8401165)
(4.785475, 177.46005, 0.0036485752, 8.826503)
(4.7692394, 153.51187, 0.34628668, 9.368594)
(1.5532238, 157.62338, 0.23877549, 8.835559)
(3.11898, 155.12856, 0.0008882832, 13.874541)
(3.8973439, 154.02153, 0.005726582, 8.867954)
(3.34401, 174.50096, 0.16511449, 9.496089)
(2.4542418, 154.60867, 0.049695015, 10.051936)
(3.0331056, 154.37276, 0.13324763, 8.833475)
(1.2211815, 161.57793, 0.09545663, 8.89306)
(4.0888305, 153.67189, 0.05759763, 9.652485)
(3.2986257, 174.35507, 0.10738292, 8.99125)
(3.149565, 154.12938, 0.07387755, 9.622689)
(5.429871, 177.19029, 0.06228412, 9.578375)
(6.5068464, 177.9604, 2.7906337, 13.520484)
(4.60036, 178.06102, 0.2107326, 8.832498)
(4.560602, 152.71487, 2.463276, 13.520484)
(3.784462, 153.78874, 0.09710614, 8.831053)
(3.6903613, 153.86153, 0.1180165, 9.36186)
(4.132891, 176.29375, 0.017371576, 9.848755)
(2.8712993, 155.09258, 0.11452203, 8.826506)
(2.8634741, 155.2726, 1.7051689e-05, 13.898665)
(4.9593854, 153.41513, 0.123916864, 8.826532)
(4.5001464, 153.5559, 0.10008982, 9.579381)
(4.391214, 153.67657, 0.06357766, 9.705076)
(3.2986257, 174.35507, 0.10738292, 8.99125)
(3.2172546, 154.31741, 0.13548966, 8.826532)
(3.4830208, 155.26163, 0.0, 13.600894)
(3.2820613, 174.44144, 0.2823301, 8.968063)
(2.1920636, 171.53047, 0.040867552, 9.772478)
(4.132891, 176.29375, 0.017371576, 9.848755)
(2.1281068, 155.6811, 0.000904942, 12.609834)
(3.7781646, 153.75371, 0.09461678, 8.870587)
(2.145345, 166.75366, 0.11980646, 8.826511)
(4.054422, 153.70334, 0.13134032, 8.936366)
(2.9137983, 171.65428, 0.18964238, 8.925)
(4.2606955, 154.15895, 0.0, 14.069952)
(2.283046, 154.6206, 0.02846691, 10.131202)
(3.0059683, 154.3354, 0.124344625, 8.829417)
(3.3008657, 174.37619, 0.13899165, 8.879468)
(2.9170394, 154.53366, 0.025096146, 9.753267)
(2.7584662, 154.31367, 0.014703852, 9.933023)
(1.8500888, 158.71523, 0.09208611, 9.467411)
(2.9648414, 154.58911, 0.011223391, 8.826503)
(3.683636, 153.91324, 0.038858067, 9.802758)
(2.4998558, 155.52156, 2.6155636, 13.52037)
(3.783444, 153.79047, 0.099697545, 8.848144)
(6.777852, 152.33585, 2.4068692, 13.520484)
(3.4272177, 154.03569, 0.12496247, 8.827361)
(4.893962, 152.44353, 1.7990986, 13.515562)
(4.854463, 153.44353, 0.17832881, 9.116592)
(3.2387786, 174.13185, 0.09790357, 8.840328)
(3.6979864, 153.93114, 0.11946183, 8.864722)
(4.058637, 176.5318, 0.16168809, 8.851635)
(1.8376467, 169.97934, 0.09798593, 8.826503)
(1.2303754, 161.3685, 0.11826031, 8.868907)
(4.4912486, 153.88919, 0.11484875, 8.826522)
(3.0290587, 154.37578, 0.13335553, 8.833511)
(1.2253582, 161.6652, 0.108795196, 8.893186)
(4.7552705, 153.52173, 0.089152314, 9.361842)
(3.2890093, 175.66328, 0.09419958, 8.8600855)
(3.3441918, 174.50179, 0.16524649, 9.496104)
(5.874826, 178.00363, 0.24576482, 8.87435)
(5.5947585, 152.491, 2.3538065, 13.52001)
(3.350484, 154.05411, 0.75205195, 13.500581)
(1.6196433, 154.69112, 1.3979087, 13.90525)
(5.897463, 178.00223, 0.19332299, 8.826516)
(4.7383323, 152.62482, 0.6839324, 13.503438)
(5.3096156, 176.8221, 0.25562644, 8.853942)
(1.7228875, 166.70525, 0.2923939, 9.179968)
(4.477823, 153.93253, 0.00048967823, 8.857103)
(3.1093168, 154.69855, 0.10082376, 8.826503)
(2.9693632, 154.43816, 0.11346256, 8.826512)
(5.256118, 153.29709, 0.17627706, 9.318144)
(5.8446894, 177.97232, 0.089831814, 9.413566)
(1.5406677, 164.57982, 0.20166074, 9.032835)
(2.6173592, 155.60968, 0.0001651631, 13.415019)
(3.6493921, 153.92519, 0.03818988, 9.80472)
(4.779431, 178.05626, 0.07382039, 9.62369)
(2.2382758, 171.05988, 0.11988459, 8.826511)
(2.0294616, 155.24379, 0.004995791, 10.763536)
(2.1248424, 165.42422, 0.00010340815, 13.738842)
(6.026625, 152.24998, 2.2256114, 13.458745)
(8.373046, 176.38283, 0.91063595, 13.506602)
(1.515091, 162.3975, 0.04886665, 9.696488)
(3.2805028, 174.43443, 0.28234679, 8.968057)
(3.21663, 175.01875, 0.026707632, 9.8545885)
(5.072036, 176.64452, 0.12531549, 9.493117)
(3.3441918, 174.50179, 0.16524649, 9.496104)
(1.6702182, 169.493, 0.09803126, 8.826503)
(2.692041, 172.70117, 0.34551316, 8.828585)
(3.7386732, 154.72215, 0.0, 14.102075)
(3.2413268, 153.99156, 0.025296573, 9.787052)
(4.5324965, 153.48068, 0.12027996, 9.226229)
(8.373046, 176.38283, 0.91063595, 13.506602)
(4.730572, 153.46259, 0.12525842, 9.341121)
(3.4546547, 153.96463, 0.20331451, 9.553144)
(7.002232, 176.78522, 0.7523011, 13.508081)
(3.7222774, 153.88718, 0.13678555, 9.398085)
(4.4933176, 153.59023, 0.18139553, 9.597173)
(1.7038128, 165.68808, 0.20171875, 9.029002)
(3.4160573, 154.92961, 0.0, 14.05935)
(4.456589, 153.51318, 0.20701581, 8.957659)
(5.65648, 152.35272, 2.054079, 13.464071)
(3.2069104, 153.97934, 0.027945317, 9.61816)
(3.9949028, 153.90898, 0.000927917, 8.874373)
(2.0208063, 154.85732, 0.02842275, 10.052992)
(3.7386732, 154.72215, 0.0, 14.102075)
(2.0924807, 169.02832, 0.31866992, 8.828585)
(2.7961528, 170.57828, 0.00011135032, 13.738987)
(4.3775096, 153.69899, 0.064786054, 9.687999)
(2.6823814, 172.56255, 0.26547468, 9.179589)
(6.6644197, 152.27725, 1.1493591, 13.520673)
(4.6450925, 153.46088, 0.101473875, 8.828838)
(2.0059667, 155.54977, 1.1819013e-05, 12.47972)
(4.7478023, 152.58308, 2.4068696, 13.520528)
(6.039586, 177.93231, 0.027918551, 9.618296)
(4.741863, 168.17189, 0.10410655, 8.846576)
(2.372321, 170.40636, 0.1544914, 9.317733)
(6.367719, 152.37134, 2.4125974, 13.520484)
(5.729807, 177.91083, 0.064202994, 9.525596)
(4.7402563, 152.58775, 2.4189148, 13.520747)
(4.887742, 153.49403, 0.31271592, 8.826525)
(5.2881536, 153.3821, 0.11104481, 8.826699)
(6.507514, 177.96005, 2.7890806, 13.520484)
(1.5406674, 164.57982, 0.20166074, 9.032835)
(5.4925795, 177.84871, 0.048154615, 9.35309)
(5.8694234, 177.78038, 0.18597992, 8.826503)
(2.9294493, 154.37102, 0.01721007, 10.1051)
(5.5669394, 177.89987, 0.04424084, 9.661259)
(4.301831, 152.86298, 2.7713692, 13.51997)
(6.528946, 152.33861, 2.3522732, 13.520639)
(2.6288056, 154.56917, 0.01786662, 9.860936)
(0.89405745, 154.91937, 0.034941494, 12.578681)
(4.4618173, 153.23804, 0.0, 13.809848)
(4.7440166, 153.46605, 0.12324238, 9.407405)
(0.9430463, 159.93178, 0.11057189, 8.892922)
(4.723104, 176.14217, 0.11620789, 8.827918)
(3.7790399, 153.79301, 0.13864908, 9.489077)
(3.4347107, 154.62965, 0.10273723, 8.826523)
(3.7557259, 173.631, 0.0, 13.995347)
(3.2561574, 154.02856, 0.021855626, 9.835766)
(3.1491165, 154.13013, 0.07522257, 9.622686)
(2.1148531, 156.45108, 0.09526848, 8.826503)
(2.1260195, 165.42828, 0.00010436283, 13.7390585)
(4.962786, 153.41154, 0.11577512, 8.84533)
(5.7214293, 152.56049, 2.4077735, 13.520845)
(2.8717906, 175.32503, 0.14069274, 8.82651)
(4.495689, 153.4865, 0.09854511, 9.335032)
(1.279421, 162.44423, 0.050879307, 9.613937)
(4.764692, 178.01884, 0.020661203, 9.88095)
(2.416598, 154.59734, 0.028434424, 10.058448)
(2.2245705, 173.07709, 0.01759431, 9.862617)
(4.5085025, 153.48845, 0.09401707, 9.332646)
(5.047309, 176.89365, 0.14296089, 9.701664)
(4.8666296, 178.05005, 0.12413757, 8.8277025)
(6.92325, 152.29556, 2.4241974, 13.519996)
(5.271047, 178.01367, 0.12613484, 9.808685)
(3.290713, 175.66232, 0.09426977, 8.860086)
(4.5233765, 178.03172, 0.10279999, 8.826503)
(2.035308, 162.98601, 1.0752914, 13.505857)
(5.641846, 176.87053, 0.19615921, 8.999821)
(2.6975007, 154.75839, 0.10973329, 8.850428)
(5.269503, 177.08311, 0.29759923, 8.826503)
(4.350791, 153.51503, 0.16412367, 8.827168)
(4.5079145, 178.06522, 0.15801886, 9.527116)
(4.902526, 175.91072, 0.037042018, 8.829236)
(6.894734, 177.99908, 0.0, 14.089963)
(5.1775064, 177.99725, 0.22930288, 8.826503)
(4.831709, 152.41948, 2.061766, 13.516771)
(2.3408468, 155.20612, 0.0, 13.795642)
(6.5170264, 178.00624, 0.0, 14.036866)
(2.973263, 154.86298, 0.08805067, 9.448364)
(3.8415246, 175.36533, 0.37817127, 8.8266115)
(1.1824406, 159.8005, 0.31266648, 8.826821)
(2.868917, 175.3187, 0.14035766, 8.82651)
(3.2884755, 175.66426, 0.09419611, 8.8600855)
(4.573908, 153.47789, 0.19732714, 8.826503)
(1.998837, 155.15285, 0.36173943, 13.379642)
(1.8741996, 156.56766, 0.00016818954, 13.036045)
(2.0984986, 169.30206, 0.22733197, 8.862555)
(5.9208446, 177.98462, 0.13055985, 8.834564)
(5.8883977, 177.9842, 0.10437168, 9.356237)
(2.99638, 172.38289, 0.0026776383, 13.301388)
(1.5705105, 169.15419, 0.09790995, 8.826503)
(1.2111046, 158.04437, 0.024947414, 9.761552)
(4.6818933, 176.86653, 0.022209255, 9.860691)
(4.132891, 176.29375, 0.017371576, 9.848755)
(2.7961528, 170.57828, 0.00011135032, 13.738987)
(3.4160573, 154.92961, 0.0, 14.05935)
(3.2166634, 175.01869, 0.026725352, 9.854566)
(4.5079145, 178.06522, 0.15801886, 9.527116)
(1.5405332, 164.58247, 0.20369847, 9.032831)
(2.1260195, 165.42828, 0.00010436283, 13.7390585)
(4.508092, 178.06523, 0.15789098, 9.527116)
(3.7557478, 173.63118, 0.0, 13.995347)
(3.029014, 174.25896, 0.09344048, 8.826514)
(0.6339301, 163.18074, 0.117253736, 8.826503)
(3.7557259, 173.631, 0.0, 13.995347)
(2.8717906, 175.32503, 0.14069274, 8.82651)
(1.6702182, 169.493, 0.09803126, 8.826503)
(3.21663, 175.01875, 0.026707632, 9.8545885)
(1.5406674, 164.57982, 0.20166074, 9.032835)
(4.5079145, 178.06522, 0.15801886, 9.527116)
(6.5170264, 178.00624, 0.0, 14.036866)
(4.132891, 176.29375, 0.017371576, 9.848755)
(1.8376467, 169.97934, 0.09798593, 8.826503)
(2.0059667, 155.54977, 1.1819013e-05, 12.47972)
(4.132891, 176.29375, 0.017371576, 9.848755)
(2.9970026, 172.38069, 0.0026798146, 13.301389)
(1.5406973, 164.58035, 0.20153289, 9.03284)
(4.132891, 176.29375, 0.017371576, 9.848755)
(4.5079145, 178.06522, 0.15801886, 9.527116)
(1.5406674, 164.57982, 0.20166074, 9.032835)
(3.7557259, 173.631, 0.0, 13.995347)
(2.9964247, 172.38306, 0.0026787177, 13.301351)
(4.764692, 178.01884, 0.020661203, 9.88095)
(0.9430463, 159.93178, 0.11057189, 8.892922)
(1.9815687, 155.58063, 0.0, 12.56286)
(0.9431587, 159.9314, 0.110393986, 8.892922)
(2.1260195, 165.42828, 0.00010436283, 13.7390585)
(1.4383657, 168.32974, 0.1173402, 8.826503)
(3.029014, 174.25896, 0.09344048, 8.826514)
(2.9964247, 172.38306, 0.0026787177, 13.301351)
(1.8376467, 169.97934, 0.09798593, 8.826503)
(2.1920636, 171.53047, 0.040867552, 9.772478)
(1.2112604, 158.04875, 0.024950195, 9.761553)
(2.035308, 162.98601, 1.0752914, 13.505857)
(4.132891, 176.29375, 0.017371576, 9.848755)
(4.659593, 177.22203, 0.0059556616, 8.826503)
(2.7435098, 154.5879, 0.019398622, 13.88702)
(2.035308, 162.98601, 1.0752914, 13.505857)
(2.7961528, 170.57828, 0.00011135032, 13.738987)
(2.1260195, 165.42828, 0.00010436283, 13.7390585)
(2.0059667, 155.54977, 1.1819013e-05, 12.47972)
(2.8717906, 175.32503, 0.14069274, 8.82651)
(2.8634741, 155.2726, 1.7051689e-05, 13.898665)
(3.2884755, 175.66426, 0.09419611, 8.8600855)
(3.761021, 176.56975, 0.20883721, 8.8279)
(1.9882758, 168.40303, 0.20164046, 9.033963)
(3.761021, 176.56975, 0.20883721, 8.8279)
(3.7758849, 176.56026, 0.15216808, 8.8279)
(2.2245705, 173.07709, 0.01759431, 9.862617)
(2.0059667, 155.54977, 1.1819013e-05, 12.47972)
(4.659593, 177.22203, 0.0059556616, 8.826503)
(3.0289218, 174.25333, 0.093527794, 8.826514)
(1.839371, 155.37703, 0.0046217833, 10.801221)
(1.6196433, 154.69112, 1.3979087, 13.90525)
(1.2790223, 162.44447, 0.05088178, 9.613896)
(1.8376467, 169.97934, 0.09798593, 8.826503)
(1.6196433, 154.69112, 1.3979087, 13.90525)
(0.9430463, 159.93178, 0.11057189, 8.892922)
(4.764692, 178.01884, 0.020661203, 9.88095)
(2.9964247, 172.38306, 0.0026787177, 13.301351)
(1.1529456, 158.33694, 0.11019328, 8.89377)
(1.5914124, 165.02399, 0.20162784, 9.034513)
(1.2111547, 158.04427, 0.024942454, 9.761548)
(1.8394336, 155.37694, 0.0046244357, 10.801215)
(3.7557259, 173.631, 0.0, 13.995347)
(4.1327434, 176.29372, 0.017456952, 9.848748)
(1.2131686, 158.00775, 0.025375117, 9.7582855)
(2.9964247, 172.38306, 0.0026787177, 13.301351)
(1.438355, 168.33003, 0.11734077, 8.826503)
(2.9964247, 172.38306, 0.0026787177, 13.301351)
(3.029014, 174.25896, 0.09344048, 8.826514)
(3.7386732, 154.72215, 0.0, 14.102075)
(3.7609353, 176.56976, 0.20883721, 8.8279)
(2.740876, 154.59431, 0.01927713, 13.88667)
(2.0059068, 155.55008, 1.04422925e-05, 12.479802)
(3.2884755, 175.66426, 0.09419611, 8.8600855)
(1.6702182, 169.493, 0.09803126, 8.826503)
(1.7228875, 166.70525, 0.2923939, 9.179968)
(4.659593, 177.22203, 0.0059556616, 8.826503)
(4.507916, 178.06529, 0.15808746, 9.527116)
(2.1260195, 165.42828, 0.00010436283, 13.7390585)
(2.1920652, 171.53024, 0.040858414, 9.772475)
(4.132891, 176.29375, 0.017371576, 9.848755)
(2.9971082, 172.38353, 0.002668857, 13.30324)
(1.4383657, 168.32974, 0.1173402, 8.826503)
(2.2235029, 173.1032, 0.017612021, 9.862871)
(3.2884755, 175.66426, 0.09419611, 8.8600855)
(2.0059667, 155.54977, 1.1819013e-05, 12.47972)
(1.6196433, 154.69112, 1.3979087, 13.90525)
(2.8717906, 175.32503, 0.14069274, 8.82651)
(2.9964247, 172.38306, 0.0026787177, 13.301351)
(4.764514, 178.01889, 0.020974524, 9.880951)
(1.5406674, 164.57982, 0.20166074, 9.032835)
(3.4160573, 154.92961, 0.0, 14.05935)
(4.721261, 177.30653, 0.14052357, 8.826503)
(1.6633857, 164.67502, 0.11028085, 8.986898)
(5.141318, 177.98978, 0.15791963, 9.527116)
(1.6196433, 154.69112, 1.3979087, 13.90525)
(4.5838327, 176.14793, 0.21428715, 9.408359)
(5.585169, 175.23344, 0.0, 13.795179)
(4.140005, 176.2991, 0.017447555, 9.849181)
(3.373834, 174.73428, 0.2939259, 9.380772)
(2.3653073, 173.25877, 0.19066103, 8.828532)
(4.733787, 177.33711, 0.004443045, 8.826503)
(1.3347622, 157.88687, 0.09799108, 8.826503)
(3.4340453, 174.78343, 0.20159675, 8.9069)
(1.2856988, 159.6823, 4.853407e-06, 13.70103)
(2.5805597, 174.60246, 0.14056179, 8.826517)
(2.2381194, 155.49663, 2.9927705e-05, 12.947916)
(5.873778, 177.6641, 0.09175337, 9.315488)
(5.1865067, 176.90654, 0.101512596, 9.331148)
(4.8084555, 177.99318, 0.33761457, 8.826503)
(1.4919586, 156.90569, 0.0, 13.951822)
(2.7140703, 154.8279, 0.11763036, 8.826503)
(3.581757, 176.60732, 0.0975864, 8.826503)
(2.376207, 173.835, 0.029302461, 9.880881)
(2.2329726, 172.72945, 0.101662055, 8.826517)
(1.9326252, 166.97552, 0.20162602, 9.033873)
(2.0384402, 171.30467, 0.037194215, 9.700345)
(4.4136906, 178.0707, 0.3780014, 8.833375)
(5.1707683, 177.9969, 0.016999146, 9.882202)
(5.3121667, 177.94124, 0.02295399, 8.826528)
(2.4931743, 171.77313, 0.25592816, 8.826503)
(4.421111, 177.08739, 0.19476897, 8.982311)
(6.966211, 171.82567, 0.11345925, 8.826503)
(4.5365624, 178.06941, 0.26013216, 8.8511)
(5.202455, 178.00659, 0.08405016, 9.85443)
(2.8851333, 175.63982, 0.14855823, 8.833375)
(3.02855, 171.53345, 0.0015015118, 13.810034)
(2.5933418, 166.08398, 1.6354537, 13.508121)
(1.0868882, 154.4446, 0.9081019, 12.723413)
(5.112931, 153.22084, 0.0, 13.838303)
(3.5508182, 176.61429, 0.097790815, 8.826503)
(4.6849723, 176.87892, 0.026758412, 9.8615)
(2.0407135, 168.92897, 0.19337918, 9.035466)
(4.5063014, 178.06473, 0.16520129, 9.527089)
(2.8205535, 154.42007, 0.08048646, 9.803876)
(2.3136253, 155.0896, 0.039193593, 9.7937)
(2.4200108, 168.82158, 0.00031384447, 13.259689)
(2.683465, 173.88406, 0.10703035, 9.88339)
(8.515809, 177.92345, 3.146518, 13.520484)
(4.864974, 178.06801, 0.13315049, 9.49872)
(4.7210526, 177.82243, 0.0017737467, 8.826503)
(2.3054223, 154.53027, 0.08883837, 13.761289)
(2.1920636, 171.53047, 0.040867552, 9.772478)
(2.2235029, 173.1032, 0.017612021, 9.862871)
(1.5914168, 165.02391, 0.20161119, 9.034513)
(3.6658118, 176.70636, 0.005088511, 10.775786)
(4.3816504, 175.84346, 0.2010546, 9.032211)
(1.8896152, 156.15726, 0.0, 14.075303)
(2.1467485, 170.28027, 0.017517388, 9.84898)
(1.4585236, 165.61485, 0.1274131, 8.826503)
(3.7191095, 176.77538, 0.09752734, 8.826503)
(1.9851543, 169.32652, 0.011696666, 9.956748)
(5.224824, 178.01074, 0.09566864, 8.826503)
(1.0253808, 162.52711, 0.0007469967, 11.748051)
(1.3121011, 162.73418, 0.11339108, 8.859144)
(2.692527, 172.55316, 0.21322966, 8.902738)
(3.308022, 175.75435, 0.12957676, 9.845115)
(4.221197, 176.79918, 0.009421016, 10.167837)
(2.0736165, 169.28441, 0.31391928, 8.85056)
(4.686198, 176.8763, 0.02115531, 9.861698)
(2.9990497, 172.38023, 0.0027638746, 13.305698)
(4.4778147, 177.99495, 0.07520108, 9.874618)
(4.9477887, 177.25441, 0.09657126, 9.036406)
(1.6009176, 165.27042, 0.20371552, 9.033086)
(2.1864767, 171.68481, 0.12742554, 8.983423)
(2.0373995, 163.68053, 1.1578486, 13.508471)
(3.7553072, 173.62553, 0.0, 13.99524)
(7.54447, 175.28038, 1.0984647, 13.508496)
(1.8708901, 162.38454, 2.4473877, 13.520352)
(1.4039751, 161.73894, 0.030795101, 9.840231)
(2.4517655, 172.65031, 0.061898928, 9.599009)
(2.6620543, 173.09116, 0.09813552, 8.826514)
(4.5082846, 178.06526, 0.15789741, 9.527116)
(0.63384515, 163.18138, 0.1172602, 8.826503)
(3.215467, 154.91586, 0.0, 14.065599)
(5.8818235, 152.54208, 2.722046, 13.520352)
(2.2821298, 156.09912, 0.12249112, 8.90138)
(2.185024, 171.94743, 0.026532706, 9.888341)
(3.972272, 154.72206, 0.0, 13.995166)
(3.21663, 175.01875, 0.026707632, 9.8545885)
(4.8965383, 177.73541, 0.00044327867, 12.501247)
(3.9935918, 174.78154, 0.0, 13.980844)
(1.3470892, 157.92926, 0.023960281, 9.768061)
(2.102143, 161.58441, 0.7483426, 13.503754)
(2.185024, 171.94743, 0.026532706, 9.888341)
(1.6557451, 167.99493, 0.029193377, 9.803805)
(4.115909, 176.2847, 0.01753748, 9.848189)
(2.6387422, 171.11111, 0.00010005525, 13.738754)
(2.8857946, 175.63809, 0.14326362, 8.833375)
(1.8974636, 169.31622, 0.117521666, 8.826503)
(4.4154353, 178.06985, 0.37614626, 8.831735)
(2.4578223, 173.8199, 0.14423804, 9.335296)
(2.907439, 174.56268, 0.15677334, 9.486121)
(2.3169045, 169.42776, 0.19069807, 8.828519)
(1.2108241, 167.88876, 0.12007557, 8.826503)
(3.3202033, 175.71265, 0.09409034, 8.858092)
(4.0092425, 153.50603, 1.6249585, 13.526171)
(2.7039466, 174.67578, 0.056109402, 9.879507)
(4.2658825, 176.61769, 0.061130192, 9.92935)
(1.1962432, 161.1678, 0.22485577, 8.826507)
(3.6344824, 153.82056, 0.11546664, 8.826503)
(3.880279, 175.49416, 1.6599101e-07, 13.932207)
(2.861356, 173.1151, 0.16879417, 8.849743)
(4.3890285, 178.05006, 0.3019575, 8.951432)
(5.667205, 177.55217, 0.112172976, 8.826503)
(2.2293744, 168.74754, 0.051677916, 9.728872)
(2.4424405, 168.9789, 7.2415946e-06, 13.306381)
(2.0384402, 171.30467, 0.037194215, 9.700345)
(4.8931227, 153.48984, 1.720987e-05, 13.874004)
(2.5729814, 174.58192, 0.1517349, 8.826518)
(3.3464117, 175.03618, 0.10445551, 9.684216)
(1.8151467, 167.83562, 0.22386457, 9.197921)
(2.187026, 171.85638, 0.014474107, 9.888282)
(2.796209, 170.57895, 4.488586e-05, 13.738768)
(1.2462031, 157.99072, 0.096276335, 8.826503)
(1.3058122, 165.52248, 0.06166576, 9.570345)
(1.1832532, 154.56953, 0.81017965, 13.220728)
(1.4926537, 162.64554, 0.1455349, 9.01714)
(6.897633, 178.00462, 0.0, 14.067747)
(2.1628027, 166.69986, 0.00026605875, 13.636572)
(5.892577, 174.75569, 2.3932345, 13.520557)
(3.7415626, 176.67969, 0.09791367, 8.826503)
(3.6219215, 175.45853, 0.034899373, 9.713141)
(2.877244, 155.35542, 1.9576287e-08, 13.853024)
(2.0427287, 167.89156, 0.19781514, 9.720965)
(4.810908, 176.54929, 0.0, 13.998443)
(2.0164645, 169.34944, 0.019801674, 9.840439)
(3.012135, 174.5112, 0.0025233375, 13.319978)
(1.6544796, 156.80682, 2.4120529, 13.520421)
(1.5708612, 162.07155, 0.0013401322, 11.060703)
(4.5771227, 152.83963, 0.03329858, 13.502014)
(5.7004538, 177.95436, 0.15967768, 9.525924)
(2.85386, 175.68031, 0.35493153, 8.833375)
(3.0807009, 174.58894, 1.3287313e-09, 13.92117)
(1.0660064, 162.11383, 0.20134304, 8.828229)
(2.7556725, 171.19197, 0.0, 13.933401)
(3.256531, 175.6254, 0.09693246, 8.860917)
(2.183531, 171.93498, 0.018923253, 9.881352)
(3.2682707, 154.16656, 0.10432739, 8.863597)
(4.0108423, 172.43265, 2.1871507, 13.518243)
(4.7574496, 176.1705, 0.09413325, 8.860091)
(2.900921, 176.24725, 0.0017932771, 11.766708)
(1.8354949, 160.75859, 0.046141528, 9.657306)
(4.384825, 178.06105, 0.157909, 9.527289)
(4.685544, 177.99284, 0.075101726, 9.875788)
(0.6769831, 161.28262, 0.109746024, 8.892978)
(4.6611986, 178.0541, 0.021083148, 9.877305)
(2.0091126, 166.93681, 0.09727791, 9.310368)
(3.2395806, 154.58824, 0.20933037, 8.826503)
(2.885872, 175.63814, 0.14312026, 8.833375)
(3.284565, 175.65915, 0.09436397, 8.860091)
(1.1256576, 159.51155, 0.17309457, 8.826503)
(2.3355513, 166.21977, 2.4221444, 13.520613)
(4.138281, 176.30235, 0.016930025, 9.849313)
(2.9859462, 172.35785, 0.0030266088, 13.294199)
(1.163719, 162.62471, 0.11450491, 8.826503)
(1.4348718, 166.37259, 0.10562348, 8.826503)
(3.0628204, 155.23505, 0.112536095, 9.246127)
(3.2876399, 154.42339, 0.124939606, 9.331888)
(1.9630682, 168.47388, 0.23516054, 8.826503)
(1.9147059, 170.21114, 0.11278086, 8.965208)
(1.9681796, 155.00975, 0.010330393, 10.473205)
(3.467444, 154.40453, 2.0973669e-06, 14.021154)
(3.0899396, 173.19852, 0.00045762208, 13.198237)
(1.9840463, 169.20328, 0.00042656247, 12.409319)
(4.4425106, 178.05057, 0.16580214, 9.4781685)
(1.6952293, 159.69518, 0.12721613, 8.826503)
(5.294427, 178.0065, 0.033347484, 9.770816)
(1.0253808, 162.52711, 0.0007469967, 11.748051)
(1.90938, 170.38165, 0.0981505, 8.826517)
(1.0253808, 162.52711, 0.0007469967, 11.748051)
(2.8774621, 174.07477, 0.0504815, 9.835614)
(3.0853922, 154.17752, 0.04974773, 9.815236)
(3.881897, 175.86635, 0.00014955789, 13.24931)
(2.7476, 172.12245, 4.3680066e-06, 13.745541)
(2.561769, 168.76894, 6.695388e-05, 13.80896)
(2.7041214, 174.67451, 0.05616849, 9.879512)
(4.9841695, 177.93414, 0.008886681, 12.5590105)
(2.2501433, 173.19803, 0.025879575, 9.767424)
(2.2233977, 165.42964, 0.0, 14.055735)
(3.1783602, 154.57146, 0.00014650024, 13.843466)
(6.5171447, 178.00627, 0.0, 14.036866)
(1.0797104, 164.17406, 0.40261367, 8.892659)
(4.816381, 177.89203, 0.066784516, 9.597886)
(3.4169466, 175.81538, 0.09421266, 8.865496)
(3.2262104, 175.08931, 0.018364709, 9.873946)
(2.2041543, 172.67886, 0.02823118, 9.845001)
(0.71384984, 161.37389, 0.09774607, 8.826503)
(4.245848, 178.07367, 0.004022215, 11.946583)
(1.7297624, 169.6211, 0.11787387, 8.826503)
(1.894076, 171.2007, 0.08316464, 9.53414)
(3.3078806, 154.51807, 0.069337346, 9.474426)
(1.770191, 163.48514, 0.11804787, 8.880988)
(4.8624735, 154.14728, 0.0, 14.091109)
(3.5473464, 176.59613, 0.09757287, 8.826503)
(3.0227532, 173.61537, 0.14067435, 8.826517)
(2.378094, 167.87578, 1.119218e-09, 13.4211)
(2.2484484, 170.23337, 0.14530031, 8.826503)
(2.2503722, 155.67012, 0.0, 13.797865)
(1.8671606, 168.24907, 0.00046515738, 12.317453)
(2.8688993, 175.59755, 0.14331493, 8.833375)
(4.8666353, 153.59245, 0.0, 14.036866)
(2.5802321, 174.60153, 0.14170967, 8.826517)
(2.01049, 162.19994, 1.0260055, 13.490298)
(2.1848836, 171.95706, 0.026359754, 9.888404)
(3.9123328, 175.40622, 8.159221e-05, 13.61519)
(2.5355377, 174.77008, 0.028922508, 9.885964)
(6.517266, 178.00621, 0.0, 14.036892)
(2.092947, 168.12369, 0.00046899766, 12.38143)
(5.6924767, 177.27547, 0.15293364, 8.829923)
(4.519376, 177.02802, 0.0, 13.8749485)
(1.8708533, 156.29056, 0.0, 14.111143)
(4.5090623, 153.47954, 0.11956524, 8.826541)
(1.4820523, 168.57529, 0.11739996, 8.826503)
(4.913681, 153.42348, 0.1272481, 8.826503)
(2.6913667, 155.61626, 0.008899098, 12.557215)
(2.009897, 155.02898, 0.041916974, 9.882147)
(1.3893554, 159.66779, 0.0015725858, 13.579569)
(6.517314, 178.0063, 0.0, 14.036866)
(2.0819404, 167.90202, 0.0004639652, 12.337128)
(2.6722178, 174.62465, 0.056250054, 9.878094)
(1.8904487, 170.059, 0.1082439, 8.826503)
(2.6193182, 154.8309, 0.014520155, 9.888363)
(1.204882, 166.3453, 0.0035674989, 12.09082)
(1.9862187, 169.20331, 0.00042072876, 12.412921)
(2.938327, 173.89317, 0.35980612, 8.833361)
(1.0802727, 164.15672, 0.3931549, 8.892659)
(4.495673, 152.82025, 0.826922, 13.438027)
(3.8753064, 175.52686, 0.0, 13.930915)
(3.8285565, 154.87169, 0.0, 14.101358)
(2.9244206, 154.4324, 0.27276012, 8.826503)
(4.9874697, 177.95906, 0.0072935536, 12.558831)
(4.41937, 178.05782, 0.07564606, 9.527296)
(4.742186, 178.06973, 0.099880904, 8.904059)
(2.238388, 167.2356, 0.00021476307, 13.697357)
(2.7038753, 169.40141, 5.749745e-05, 13.881402)
(5.2355795, 178.00862, 0.05935249, 9.792094)
(5.856653, 152.25519, 1.1546208, 13.482803)
(1.8197048, 162.77293, 2.470576, 13.520381)
(3.3145268, 154.05675, 0.066423945, 9.553867)
(2.9571307, 172.32977, 0.0027459238, 13.265586)
(1.5833553, 168.63689, 0.098578185, 8.826503)
(3.9150412, 177.73221, 0.0011781127, 12.116412)
(1.7792801, 163.49023, 0.11724318, 8.826534)
(4.7420835, 153.72243, 0.0, 14.064261)
(1.2931432, 165.3334, 0.06175212, 9.570063)
(4.4318147, 178.00319, 0.057135, 9.882025)
(3.0276096, 155.16812, 1.465096e-07, 13.93385)
(1.5842416, 163.97137, 0.0968695, 8.826503)
(5.019989, 178.0112, 0.08108971, 9.477576)
(3.5101082, 176.5122, 0.09805112, 8.826517)
(5.61795, 152.49821, 1.3277819, 13.505049)
(1.616899, 157.4116, 0.096011505, 8.826503)
(2.998361, 172.38428, 0.0026731493, 13.305574)
(1.052321, 164.69716, 0.06183748, 9.567381)
(3.9119995, 175.70352, 7.88426e-05, 13.305363)
(2.5343122, 174.8381, 0.0316294, 9.898451)
(3.861767, 175.8433, 0.00047172804, 13.166976)
(1.5997622, 167.83383, 0.09987565, 8.826503)
(2.7793527, 154.69432, 0.14068334, 8.826517)
(2.3227425, 164.08534, 0.0, 14.06436)
(5.582008, 177.31464, 0.40098, 8.833308)
(1.3357732, 164.43674, 0.06372939, 9.599799)
(3.2969985, 155.27837, 0.00014107183, 13.739017)
(1.9399605, 162.36781, 0.0, 13.761139)
(4.938768, 177.93393, 0.008871403, 12.545423)
(1.8832262, 168.72159, 0.00042729583, 12.341804)
(2.7711432, 171.33064, 0.0, 13.946515)
(2.5371635, 173.72723, 7.77631e-06, 13.126378)
(1.8604968, 156.27037, 0.0, 14.09914)
(2.015326, 162.1832, 0.812368, 13.498849)
(5.0530896, 177.99498, 0.02814141, 9.884114)
(1.8942076, 168.81113, 0.012213158, 9.953566)
(1.8985008, 170.29597, 0.098118566, 8.826517)
(2.5845883, 174.58357, 0.101830095, 8.826517)
(3.101072, 154.31693, 0.406479, 8.8926525)
(2.452452, 174.36401, 0.031585585, 9.891932)
(1.8694324, 162.43285, 2.470779, 13.5203)
(0.9822635, 160.47675, 0.12500294, 8.835451)
(4.7562356, 177.82343, 0.03260047, 9.714081)
(2.9852672, 172.36275, 4.8948685e-05, 13.292587)
(2.781558, 154.81357, 0.11719918, 8.826503)
(1.6655431, 162.9437, 0.15915169, 8.826503)
(2.9909723, 173.53377, 0.11678831, 8.826503)
(1.6799337, 168.77324, 0.12482901, 8.826503)
(2.2207618, 173.17535, 0.015219992, 9.882404)
(1.3372785, 164.62105, 0.06445568, 9.571635)
(1.5074501, 160.98317, 0.122915305, 8.82651)
(1.8335767, 156.39377, 0.0, 14.1047535)
(2.7477386, 172.12141, 5.1735797e-06, 13.745673)
(5.7367487, 153.14523, 0.025824798, 13.779538)
(3.2581437, 175.04146, 8.069521e-05, 13.838325)
(2.7960534, 154.69604, 0.09735764, 8.826503)
(2.2236748, 173.1003, 0.017738312, 9.861886)
(1.879391, 171.12755, 0.1356174, 8.826517)
(4.7269835, 176.17543, 0.1888798, 8.826503)
(4.10619, 177.06183, 0.0054007317, 10.91231)
(2.0242915, 168.53873, 0.11063943, 8.965243)
(5.5516815, 177.32057, 0.38822368, 8.826507)
(1.3213284, 165.33652, 0.117261104, 8.826503)
(1.9873313, 169.20552, 0.00042839514, 12.412347)
(2.2115905, 165.20744, 0.0, 14.063603)
(3.5287073, 171.68527, 0.0, 13.780414)
(2.3891919, 170.98412, 0.09417566, 8.826503)
(4.3842072, 178.0612, 0.15796633, 9.527295)
(2.2596834, 163.89883, 0.0, 14.06426)
(1.5932573, 168.84944, 0.09801764, 8.826503)
(2.535623, 155.5291, 5.0123645e-06, 13.699906)
(2.1229208, 165.42555, 5.4655342e-05, 13.732713)
(3.8620286, 175.80687, 0.00013985466, 13.230636)
(4.9912925, 177.86479, 0.0003596012, 12.690626)
(1.3397461, 159.95932, 4.5557376e-06, 13.751643)
(5.650991, 177.8806, 0.04733212, 9.851566)
(3.893855, 154.66426, 0.0, 14.028536)
(4.895618, 177.9265, 0.0046223775, 12.475483)
(3.1082032, 155.4903, 0.0012162966, 13.163649)
(2.0046158, 154.08772, 0.9855925, 13.900418)
(1.8897002, 170.15555, 0.09793878, 8.826503)
(3.0595403, 155.04153, 0.0, 13.948109)
(1.2485938, 159.1518, 0.0003703144, 12.874773)
(0.95549107, 160.68158, 0.011054319, 11.548153)
(1.8817259, 169.86894, 0.11582316, 8.826503)
(2.7565944, 174.82628, 0.0028532026, 11.53294)
(5.247793, 177.42267, 0.09366051, 9.724711)
(2.7041543, 174.65611, 0.05417233, 9.878651)
(2.996365, 172.38312, 0.0026710124, 13.303044)
(1.6063035, 167.41292, 0.100275785, 8.8265085)
(1.8683556, 169.8409, 0.09798786, 8.826503)
(3.6848056, 153.87718, 0.15426365, 8.826871)
(4.5526676, 153.47221, 0.11154788, 8.826538)
(4.9634457, 153.4507, 0.29353324, 8.826528)
(4.3494573, 153.51389, 0.1483545, 8.827541)
(2.6641386, 175.04326, 0.046936817, 9.880828)
(3.9364786, 175.89578, 8.750384e-05, 13.308236)
(1.8709098, 162.38289, 2.4469943, 13.520474)
(2.1485085, 171.80568, 0.029548386, 9.887164)
(2.4149256, 170.61618, 0.035233553, 9.708507)
(2.4544632, 173.94864, 0.08695129, 9.465809)
(1.8926617, 170.22147, 0.10421808, 8.826513)
(4.874582, 177.97734, 0.20334353, 8.826524)
(2.7442892, 172.11415, 7.266629e-06, 13.743436)
(2.2865891, 173.96242, 0.034259424, 9.86792)
(2.2506418, 173.37946, 0.0084327785, 11.608942)
(1.8796926, 170.12094, 0.118748896, 8.826503)
(2.8858683, 175.63837, 0.1431598, 8.833375)
(3.3483279, 154.06468, 0.036583316, 9.699949)
(4.8234158, 153.43942, 0.12776853, 8.826503)
(1.6521173, 166.10934, 0.09517935, 8.826503)
(2.406648, 173.28975, 0.1683114, 9.099708)
(3.3298223, 175.15404, 0.008888451, 12.559272)
(2.5966172, 155.2031, 0.097150035, 8.826519)
(4.2176075, 177.11606, 0.0013675415, 12.164171)
(4.9754715, 152.97453, 1.363591, 12.978639)
(2.814893, 169.79741, 2.5555399e-05, 13.944455)
(1.8490639, 168.16103, 0.0004598368, 12.309465)
(2.7610724, 155.67657, 0.09551474, 8.869101)
(1.1027069, 160.33855, 0.1499308, 8.852912)
(1.9425874, 156.60826, 0.099822074, 8.826503)
(2.2138202, 165.44913, 0.0, 14.055999)
(2.795247, 158.93394, 8.807578e-05, 11.566923)
(4.387711, 153.4943, 0.122258596, 8.860157)
(1.8133998, 165.92854, 0.0010290501, 11.655699)
(1.8111693, 156.65697, 0.011796117, 10.301011)
(3.1908612, 154.00883, 0.05512039, 9.79669)
(3.367653, 176.41525, 0.12940246, 8.826505)
(1.7409673, 169.72154, 0.1179863, 8.826503)
(5.8857718, 177.27896, 0.0009896805, 13.951679)
(2.973938, 154.19551, 0.096263126, 8.826524)
(3.3773427, 174.09845, 0.00012911198, 13.250822)
(3.7925084, 176.32935, 0.008681165, 12.559587)
(3.678399, 176.16718, 0.097270235, 8.952899)
(2.012941, 168.36209, 0.10885008, 8.826503)
(1.8673396, 169.867, 0.027684417, 9.802496)
(5.8314633, 178.00352, 0.23666589, 8.826503)
(4.4838014, 178.06741, 0.16114993, 9.518054)
(3.5820909, 173.84691, 0.00018275842, 12.243558)
(1.9705768, 164.7264, 0.059251666, 9.581426)
(4.875229, 177.15244, 0.18836993, 8.826525)
(3.8976555, 175.51299, 1.0253255e-07, 13.930798)
(2.6708636, 175.07191, 0.046655048, 9.880865)
(3.8089259, 175.9422, 0.00042116022, 12.962758)
(1.8620856, 156.74878, 0.00034633745, 13.70039)
(4.2367563, 177.19, 0.0020187192, 11.82441)
(2.096462, 165.88702, 2.3212304, 13.520789)
(4.7064757, 176.04721, 0.1433241, 8.844102)
(6.8872423, 152.30743, 2.4764166, 13.521518)
(8.234624, 176.85045, 2.4059591, 13.520497)
(4.1013303, 153.20961, 2.4110537, 13.520066)
(2.7477121, 172.11957, 0.002416386, 13.742992)
(1.2914236, 158.19136, 0.0010186587, 11.2734375)
(2.4574378, 166.04303, 0.005658466, 12.320731)
(2.188546, 171.99333, 0.026894892, 9.888408)
(2.159921, 172.16716, 0.03654794, 9.715177)
(2.0187871, 165.08287, 0.000104406136, 13.710867)
(2.4151168, 174.43517, 0.085868455, 9.623148)
(2.2530835, 170.83029, 0.023199182, 9.820735)
(2.217962, 172.42215, 0.10165935, 8.826509)
(2.9096224, 174.49995, 0.10190401, 8.826511)
(1.2812415, 158.17377, 0.00094065745, 11.272298)
(2.0083416, 168.69653, 0.12649718, 8.826503)
(2.4966424, 173.7595, 0.1168334, 8.826514)
(3.4725084, 176.09154, 0.00083086017, 12.632198)
(3.8513153, 153.77058, 0.11336826, 9.300416)
(1.8238564, 169.94542, 0.00981501, 10.127991)
(1.7857211, 169.77542, 0.09631965, 8.826503)
(2.7936502, 154.24997, 2.4026647, 13.521128)
(3.5338712, 175.57355, 0.15289837, 9.7747135)
(2.3598068, 156.8344, 0.0655317, 9.638704)
(7.123102, 176.65724, 0.0, 13.849781)
(2.3260086, 167.166, 0.0003030727, 13.660814)
(4.278499, 178.039, 0.011114836, 12.10209)
(3.8402321, 175.90091, 0.073158234, 9.7959385)
(1.7040849, 166.10524, 0.10014398, 8.827093)
(2.9566963, 171.56427, 0.0, 14.055785)
(3.7012775, 175.31525, 0.13399874, 8.826513)
(1.8599335, 156.27327, 0.0, 14.104006)
(2.0842302, 166.27689, 0.062923506, 9.717196)
(2.5795972, 174.36917, 0.0829002, 9.632649)
(2.68628, 175.03491, 0.14216733, 8.826517)
(3.7696862, 175.67519, 0.0, 13.92935)
(3.0261712, 175.323, 0.095842354, 8.833375)
(3.018164, 171.75948, 0.0015435186, 13.691358)
(1.9205544, 166.34009, 0.0011474561, 13.011542)
(1.544319, 164.09904, 0.0586465, 9.641864)
(4.709998, 177.7641, 0.26401094, 9.231398)
(2.98581, 154.26373, 0.055783153, 9.610317)
(2.2610116, 157.04073, 1.0720501, 13.156234)
(3.8699455, 176.95079, 0.106972784, 8.826517)
(3.8651514, 175.50577, 1.6082417e-07, 13.932535)
(2.6909547, 174.86618, 0.048301715, 9.913001)
(1.7241718, 163.69847, 0.0020670132, 12.961445)
(1.2536588, 157.12032, 0.013613237, 9.909716)
(2.709096, 175.67369, 0.016364548, 10.106038)
(3.800691, 176.54825, 0.09766015, 8.826503)
(2.1571527, 170.49222, 0.0031080644, 11.186761)
(2.761493, 158.8301, 7.3413285e-05, 11.638636)
(1.8129753, 169.06862, 0.015491146, 9.959707)
(1.4895245, 164.84174, 0.098712996, 8.82652)
(1.3057485, 165.63539, 0.061312415, 9.573342)
(2.5025048, 174.5312, 0.039565526, 9.8357725)
(2.6573122, 175.38304, 0.020310411, 10.010449)
(2.2065806, 167.05699, 0.0015755197, 13.65227)
(4.870196, 177.99554, 0.19218454, 8.826524)
(4.483998, 177.80106, 0.06544838, 9.565401)
(2.8813374, 154.27493, 0.017150227, 9.882658)
(2.5072112, 154.63454, 0.072295316, 9.697332)
(5.6596866, 152.58058, 2.405603, 13.520981)
(1.7408048, 169.7193, 0.117793955, 8.826503)
(1.7206732, 157.41074, 0.13787405, 8.8265085)
(4.6242085, 177.0821, 0.0, 13.76156)
(3.7343223, 154.72456, 0.0, 14.107808)
(3.2257385, 171.04086, 0.0, 14.055515)
(1.2147067, 163.14163, 0.09791996, 8.828112)
(1.4915279, 158.12175, 2.3109558, 13.512189)
(5.02782, 178.00296, 0.18852493, 8.826538)
(5.0341015, 177.32916, 0.12070372, 8.849758)
(4.6785994, 176.51332, 0.085281916, 9.708498)
(3.271174, 154.71771, 0.12617292, 8.884036)
(4.708237, 177.86156, 0.03226421, 10.347319)
(2.3834903, 173.4958, 0.10243724, 9.708096)
(3.8144388, 176.69011, 0.15269378, 8.826509)
(2.553005, 155.91905, 0.13687773, 9.343945)
(1.3541337, 164.07759, 0.10065092, 8.826587)
(2.904167, 174.57007, 0.0019170188, 12.030474)
(2.8044846, 172.8879, 3.3720123e-06, 13.451104)
(3.9729393, 174.88913, 0.0, 13.830859)
(2.14591, 169.0178, 0.097946845, 8.826517)
(3.2659843, 171.43102, 0.0, 14.031341)
(3.3516488, 175.57811, 0.00013393277, 13.250597)
(4.9440165, 177.99953, 0.008456206, 12.60218)
(2.3924367, 156.89497, 0.11140561, 8.830036)
(0.9497625, 159.91455, 0.10117208, 8.897598)
(3.8947842, 175.5112, 3.4972574e-05, 13.934131)
(2.986009, 172.35834, 0.0026737323, 13.293492)
(1.651354, 168.84715, 0.008509923, 10.05285)
(1.8897852, 170.56432, 0.006510959, 10.336951)
(2.6060944, 174.41129, 0.1474664, 8.826514)
(3.594436, 175.84824, 2.9241596e-06, 13.712173)
(6.6202602, 178.0078, 0.0, 14.036866)
(1.9926033, 169.35005, 0.0115302075, 9.956619)
(4.8342237, 176.30429, 0.18110245, 8.826511)
(2.288765, 164.96333, 0.0, 13.977728)
(0.9469807, 172.62735, 0.0010885806, 11.92033)
(3.263701, 176.32132, 0.00037900623, 12.826045)
(4.044844, 173.40018, 0.0, 14.057477)
(4.9916635, 177.43178, 0.2837709, 9.366415)
(1.9263428, 170.57611, 0.0971543, 8.826508)
(1.9559867, 167.49352, 0.00041729055, 12.751999)
(2.4424405, 168.9789, 7.2415946e-06, 13.306381)
(2.4424405, 168.9789, 7.2415946e-06, 13.306381)
(0.8676093, 162.08102, 0.0073012644, 11.69575)
(2.998754, 172.3808, 0.0026724979, 13.305479)
(2.828192, 168.44228, 0.0, 14.03488)
(2.0827851, 155.437, 0.0038506319, 11.603338)
(1.7112907, 156.93025, 0.0005421379, 12.912611)
(2.2396405, 172.39009, 0.006722774, 10.658809)
(1.8899182, 161.8986, 2.230783, 13.4525795)
(4.4426465, 152.92857, 0.024484413, 13.525922)
(6.5171447, 178.00627, 0.0, 14.036866)
(2.813985, 174.06734, 0.012778545, 9.931554)
(2.4596283, 154.48994, 0.018421393, 9.95074)
(2.1405482, 170.52072, 0.013566493, 10.007159)
(2.7971294, 173.484, 0.00042631768, 13.401502)
(1.3890197, 160.00934, 1.7137595e-06, 13.812071)
(3.9548898, 176.04593, 3.6364545e-06, 13.819583)
(2.4421654, 168.98688, 2.2245506e-05, 13.30221)
(1.7261671, 158.21884, 0.0, 14.0428295)
(2.5585597, 174.48291, 0.14063211, 8.826517)
(1.8264126, 162.6853, 2.4333067, 13.520316)
(1.944502, 170.98723, 0.0065388624, 10.260469)
(3.7011828, 175.50034, 9.411449e-06, 13.794866)
(4.9141617, 178.03065, 0.0026027623, 12.366109)
(6.6359005, 177.95477, 2.4244456, 13.520432)
(2.4555953, 174.1266, 0.16676815, 9.395603)
(3.7696862, 175.67519, 0.0, 13.92935)
(2.3279378, 165.00041, 2.2469075, 13.503762)
(1.8256356, 168.55797, 7.23735e-06, 13.879912)
(3.1599782, 176.42105, 0.015499334, 9.880926)
(1.8816407, 170.68602, 0.0090079615, 10.147931)
(1.9383603, 164.81808, 0.0, 14.075393)
(1.4201444, 164.91312, 0.09580645, 8.826524)
(2.0388656, 157.33498, 0.10938058, 8.826508)
(3.513988, 174.87971, 0.22640458, 8.833374)
(4.3627157, 178.003, 0.0007803059, 12.559665)
(6.238963, 174.36757, 2.4312067, 13.520808)
(4.285883, 175.84128, 0.09806122, 8.826503)
(2.4388645, 167.40752, 0.0, 14.067364)
(4.2800245, 152.97285, 1.7855551, 13.50862)
(1.4954305, 167.39928, 0.023026379, 10.818889)
(1.8376833, 160.57088, 2.3230164, 13.50918)
(1.8584988, 169.99168, 0.11885239, 8.826503)
(6.1752257, 152.19302, 2.236753, 13.354835)
(1.2055824, 154.8255, 1.0493184, 13.697831)
(1.3076237, 171.74292, 0.09764745, 8.826503)
(2.7778537, 174.84201, 0.0038352434, 11.275773)
(3.2906065, 175.9918, 0.031829316, 9.869669)
(5.6076803, 178.03508, 0.0, 13.933888)
(2.8900347, 174.72789, 0.00038605006, 12.97092)
(3.0042775, 176.48271, 0.0081327995, 10.043659)
(1.561261, 164.5056, 0.00020235985, 13.062839)
(2.1118176, 165.87238, 0.000119111, 13.519412)
(2.5813177, 173.24637, 5.9632763e-05, 13.919976)
(4.949739, 177.91895, 0.0083606895, 12.507804)
(4.4665728, 178.01772, 0.0009470997, 11.2233715)
(4.656222, 152.74467, 0.13916017, 13.498784)
(3.686265, 153.75302, 2.3108175, 13.512941)
(5.223811, 177.82446, 0.10002725, 8.826504)
(4.796414, 154.26497, 0.0, 14.091435)
(3.5798557, 173.13725, 0.0, 14.103474)
(1.659474, 157.29286, 5.8608526e-05, 13.9398365)
(3.2943642, 158.49298, 1.1334035, 11.111529)
(4.827751, 177.68173, 0.0029684722, 12.747068)
(3.5795434, 175.88663, 6.672783e-05, 13.735594)
(4.4373035, 176.84161, 0.1556714, 9.196262)
(2.1298761, 170.12753, 0.00039977307, 12.3405485)
(2.518677, 173.52206, 0.043825533, 9.798754)
(3.4141097, 173.42046, 0.0, 13.966244)
(3.5287337, 171.68538, 0.0, 13.7806)
(1.8881142, 169.87228, 0.10119175, 8.826503)
(1.759363, 167.26834, 0.027215099, 9.763682)
(3.3709092, 175.19525, 1.4115614e-06, 13.387155)
(2.8809514, 172.73131, 0.00053382915, 12.7874565)
(2.98397, 168.73003, 0.0, 14.071744)
(3.9055464, 176.03496, 4.4705426e-05, 13.803634)
(4.4244356, 178.05577, 0.06629064, 9.526962)
(2.55947, 175.07321, 0.03576618, 9.898008)
(2.9468126, 174.08209, 0.00052615907, 13.413178)
(1.052873, 159.49542, 0.014274896, 12.172324)
(1.2111982, 156.92137, 8.479122e-05, 12.115039)
(3.225161, 176.61423, 0.0008651109, 11.287048)
(2.1516953, 165.55092, 4.4567623e-05, 13.833006)
(2.6407976, 154.21098, 1.2835251, 13.504368)
(2.9864385, 175.30049, 0.114271395, 8.826503)
(3.6216626, 154.15918, 0.104936756, 8.840413)
(2.9861913, 154.54286, 0.091916636, 9.637765)
(3.3673682, 176.02052, 0.0011789215, 12.880096)
(5.110609, 177.72177, 0.00014356365, 13.321925)
(4.2873793, 177.25446, 0.0010661237, 11.428781)
(4.551934, 177.68135, 0.0068748267, 10.55611)
(3.5476592, 175.46071, 0.00011703035, 13.21175)
(3.3655632, 176.04733, 0.0014381467, 11.969745)
(1.0981762, 162.05925, 0.013945933, 9.93276)
(4.0579534, 176.60344, 0.0007751211, 12.825818)
(2.5974422, 155.78433, 0.1011022, 8.826633)
(3.796977, 175.59286, 0.06460582, 9.550734)
(2.8787873, 154.81041, 0.10041262, 8.829036)
(1.6255753, 159.35088, 0.0, 14.082304)
(0.85209674, 167.87442, 0.035635255, 10.622568)
(1.9237093, 168.6534, 0.00037310453, 12.402563)
(5.0961294, 177.82954, 0.0003572004, 12.804645)
(2.3252637, 158.62125, 0.041897137, 10.57078)
(4.831892, 176.4136, 0.10137404, 8.826534)
(2.279816, 156.23256, 0.10418022, 8.833457)
(2.565681, 171.49706, 0.0009991386, 12.7924185)
